2024/05/10 19:05:44 Error updating password
2024/05/10 19:05:44 failed to hashing password sql: no rows in result set
2024/05/10 19:07:33 Error updating password
2024/05/10 19:07:33 failed to hashing password sql: no rows in result set
2024/05/10 19:13:24 failed to set code to redisdb redis: nil
2024/05/10 19:15:16 Error Unmarshaling value to interface json: cannot unmarshal string into Go value of type models.Reset
2024/05/10 19:16:55 failed to set code to redisdb redis: nil
2024/05/10 20:15:33 Nothing found, Admin
2024/05/10 21:21:20 failed to get all users invalid character ',' after object key
2024/05/10 21:21:53 failed to get all users invalid character ',' after object key
2024/05/10 21:21:54 failed to get all users invalid character ',' after object key
2024/05/10 21:22:59 failed to get all users invalid character ',' after object key
2024/05/10 21:23:32 failed to get all users invalid character ',' after object key
2024/05/10 21:23:53 failed to get all users invalid character ',' after object key
2024/05/10 21:26:26 failed to get all users pq: column "lesson_id" does not exist
2024/05/10 21:26:56 failed to get all users invalid character ',' after object key
2024/05/10 21:27:21 failed to get all users invalid character ',' after object key
2024/05/10 21:28:13 failed to get all users invalid character ',' after object key
2024/05/10 21:29:27 failed to get all users pq: column "lesson_id" does not exist
2024/05/10 21:33:26 Not found activitys
2024/05/10 22:03:30 failed to get all users pq: column "lesson_id" does not exist
2024/05/10 22:04:00 failed to get all users sql: expected 3 destination arguments in Scan, not 2
2024/05/10 22:05:14 failed to get all users sql: expected 3 destination arguments in Scan, not 2
2024/05/10 22:07:23 failed to get all users pq: column "lesson_id" does not exist
2024/05/10 22:08:44 failed to get all users sql: expected 3 destination arguments in Scan, not 2
2024/05/10 22:09:10 failed to get all users pq: column "id" does not exist
2024/05/10 22:09:30 failed to get all users sql: expected 3 destination arguments in Scan, not 2
2024/05/10 22:09:32 failed to get all users sql: expected 3 destination arguments in Scan, not 2
2024/05/11 15:26:59 failed to set code to redisdb dial tcp 127.0.0.1:6379: connect: connection refused
2024/05/11 15:29:15 failed to set code to redisdb dial tcp 127.0.0.1:6379: connect: connection refused
2024/05/11 15:37:21 failed to set code to redisdb dial tcp 127.0.0.1:6379: connect: connection refused
2024/05/11 16:01:04 Nothing found, Admin
2024/05/11 18:39:19 Nothing found, Admin
2024/05/11 18:39:19 Nothing found, Admin
2024/05/11 18:40:29 Nothing found, Admin
2024/05/11 18:49:13 Nothing found, Admin
2024/05/11 18:49:13 Nothing found, Admin
2024/05/11 18:59:25 failed to set code to redisdb redis: nil
2024/05/12 18:37:17 failed to run http server: listen tcp :8080: bind: address already in use
2024/05/13 12:15:53 Eror getting user in postgres method pq: relation "user_language" does not exist
2024/05/13 12:15:53 Invalid login or password pq: relation "user_language" does not exist
2024/05/13 18:09:33 failed to run http server: listen tcp :8080: bind: address already in use
2024/05/13 21:09:37 failed to run http server: listen tcp :8080: bind: address already in use
2024/05/13 22:29:28 Not found levels
2024/05/13 22:30:25 Not found levels
2024/05/13 22:30:55 Not found levels
2024/05/13 22:30:56 Not found levels
2024/05/13 22:31:26 Not found levels
2024/05/13 22:31:54 Not found levels
2024/05/13 22:32:19 Not found levels
2024/05/13 22:38:01 Error scanning count: sql: Scan error on column index 0, name "count": destination not a pointer
2024/05/13 22:38:01 failed to get all users sql: Scan error on column index 0, name "count": destination not a pointer
2024/05/13 22:38:53 Error scanning count: sql: Scan error on column index 0, name "count": destination not a pointer
2024/05/13 22:38:53 failed to get all users sql: Scan error on column index 0, name "count": destination not a pointer
2024/05/13 22:39:36 Error scanning count: sql: Scan error on column index 0, name "count": destination not a pointer
2024/05/13 22:39:36 failed to get all users sql: Scan error on column index 0, name "count": destination not a pointer
2024/05/13 22:41:37 Error scanning count: sql: Scan error on column index 0, name "count": destination not a pointer
2024/05/13 22:41:37 failed to get all users sql: Scan error on column index 0, name "count": destination not a pointer
2024/05/13 22:41:52 Error scanning count: pq: count(*) must be used to call a parameterless aggregate function
2024/05/13 22:41:52 failed to get all users pq: count(*) must be used to call a parameterless aggregate function
2024/05/13 22:42:05 Error scanning count: sql: Scan error on column index 0, name "count": destination not a pointer
2024/05/13 22:42:05 failed to get all users sql: Scan error on column index 0, name "count": destination not a pointer
2024/05/13 22:43:31 Error selecting levels with page and limit in postgres pq: syntax error at or near "("
2024/05/13 22:43:31 failed to get all users pq: syntax error at or near "("
2024/05/13 22:43:43 Error selecting levels with page and limit in postgres pq: column "levels.id" must appear in the GROUP BY clause or be used in an aggregate function
2024/05/13 22:43:43 failed to get all users pq: column "levels.id" must appear in the GROUP BY clause or be used in an aggregate function
2024/05/13 22:44:19 Error selecting levels with page and limit in postgres pq: column "levels.id" must appear in the GROUP BY clause or be used in an aggregate function
2024/05/13 22:44:19 failed to get all users pq: column "levels.id" must appear in the GROUP BY clause or be used in an aggregate function
2024/05/13 22:45:19 Error selecting levels with page and limit in postgres pq: syntax error at or near "FROM"
2024/05/13 22:45:19 failed to get all users pq: syntax error at or near "FROM"
2024/05/13 22:45:20 Error selecting levels with page and limit in postgres pq: syntax error at or near "FROM"
2024/05/13 22:45:20 failed to get all users pq: syntax error at or near "FROM"
2024/05/13 22:45:26 Error scanning level in getall level method of postgres sql: expected 8 destination arguments in Scan, not 9
2024/05/13 22:45:26 failed to get all users sql: expected 8 destination arguments in Scan, not 9
2024/05/13 22:47:56 failed to get all users pq: invalid reference to FROM-clause entry for table "levels"
2024/05/14 10:46:25 Eror getting user in postgres method pq: missing FROM-clause entry for table "u"
2024/05/14 10:46:25 Invalid login or password pq: missing FROM-clause entry for table "u"
2024/05/14 10:51:29 failed to set code to redisdb redis: nil
2024/05/14 10:54:33 failed to set code to redisdb redis: nil
2024/05/14 10:55:28 Error Replasing statius from false to true userLanguage in postgres pq: syntax error at or near "WHERE"
2024/05/14 10:55:28 Error while creating userLanguage: pq: syntax error at or near "WHERE"
2024/05/14 10:57:08 Error Replasing statius from false to true userLanguage in postgres pq: syntax error at or near "WHERE"
2024/05/14 10:57:08 Error while creating userLanguage: pq: syntax error at or near "WHERE"
2024/05/14 10:57:45 Eror creating userLevel in postgres method pq: column "level_id" of relation "user_language" does not exist
2024/05/14 10:57:45 Error while creating userLevel: pq: column "level_id" of relation "user_language" does not exist
2024/05/14 10:57:52 Eror creating userLevel in postgres method pq: column "level_id" of relation "user_language" does not exist
2024/05/14 10:57:52 Error while creating userLevel: pq: column "level_id" of relation "user_language" does not exist
2024/05/14 11:02:59 Eror creating userLevel in postgres method pq: column "level_id" of relation "user_language" does not exist
2024/05/14 11:02:59 Error while creating userLevel: pq: column "level_id" of relation "user_language" does not exist
2024/05/14 11:05:03 failed to set code to redisdb redis: nil
2024/05/14 11:06:08 Email already use: oybekatamatov799@gmail.com
2024/05/14 11:07:37 Eror creating userLevel in postgres method pq: column "level_id" of relation "user_language" does not exist
2024/05/14 11:07:37 Error while creating userLevel: pq: column "level_id" of relation "user_language" does not exist
2024/05/14 11:10:14 failed to set code to redisdb redis: nil
2024/05/14 11:10:18 Email already use: oybekatamatov799@gmail.com
2024/05/14 11:10:43 Eror getting user in postgres method pq: missing FROM-clause entry for table "u"
2024/05/14 11:10:43 Invalid login or password pq: missing FROM-clause entry for table "u"
2024/05/14 11:11:06 Eror getting user in postgres method pq: missing FROM-clause entry for table "u"
2024/05/14 11:11:06 Invalid login or password pq: missing FROM-clause entry for table "u"
2024/05/14 11:14:15 Eror getting user in postgres method pq: missing FROM-clause entry for table "u"
2024/05/14 11:14:15 Invalid login or password pq: missing FROM-clause entry for table "u"
2024/05/14 11:16:28 Eror getting user in postgres method pq: missing FROM-clause entry for table "u"
2024/05/14 11:16:28 Invalid login or password pq: missing FROM-clause entry for table "u"
2024/05/14 11:19:00 Eror getting user in postgres method pq: missing FROM-clause entry for table "u"
2024/05/14 11:19:00 Invalid login or password pq: missing FROM-clause entry for table "u"
2024/05/14 11:19:28 Eror getting user in postgres method pq: missing FROM-clause entry for table "u"
2024/05/14 11:19:28 Invalid login or password pq: missing FROM-clause entry for table "u"
2024/05/14 11:20:15 Eror getting user in postgres method pq: missing FROM-clause entry for table "u"
2024/05/14 11:20:15 Invalid login or password pq: missing FROM-clause entry for table "u"
2024/05/14 11:20:21 Eror getting user in postgres method pq: missing FROM-clause entry for table "u"
2024/05/14 11:20:21 Invalid login or password pq: missing FROM-clause entry for table "u"
2024/05/14 11:20:34 Eror getting user in postgres method pq: operator does not exist: integer = uuid
2024/05/14 11:20:34 Invalid login or password pq: operator does not exist: integer = uuid
2024/05/14 11:22:05 Eror getting user in postgres method pq: operator does not exist: integer = uuid
2024/05/14 11:22:05 Invalid login or password pq: operator does not exist: integer = uuid
2024/05/14 11:22:13 Eror getting user in postgres method pq: operator does not exist: integer = uuid
2024/05/14 11:22:13 Invalid login or password pq: operator does not exist: integer = uuid
2024/05/14 11:22:39 Eror getting user in postgres method pq: operator does not exist: integer = uuid
2024/05/14 11:22:39 Invalid login or password pq: operator does not exist: integer = uuid
2024/05/14 11:24:12 Eror getting user in postgres method sql: expected 13 destination arguments in Scan, not 14
2024/05/14 11:24:12 Invalid login or password sql: expected 13 destination arguments in Scan, not 14
2024/05/14 11:24:40 Eror getting user in postgres method sql: Scan error on column index 11, name "level_status": converting NULL to int64 is unsupported
2024/05/14 11:24:40 Invalid login or password sql: Scan error on column index 11, name "level_status": converting NULL to int64 is unsupported
2024/05/14 11:25:41 Nothing found, Admin
2024/05/14 11:29:28 Nothing found, Admin
2024/05/14 17:38:40 failed to run http server: listen tcp :8080: bind: address already in use
2024/05/14 17:45:24 Nothing found, Admin
2024/05/14 18:04:10 Error selecting badges with page and limit in postgres pq: table name "t" specified more than once
2024/05/14 18:04:10 failed to get all users pq: table name "t" specified more than once
2024/05/14 18:18:57 Error selecting badges with page and limit in postgres pq: column ut.level_id does not exist
2024/05/14 18:18:57 failed to get all users pq: column ut.level_id does not exist
2024/05/14 18:19:49 Error selecting badges with page and limit in postgres pq: column ut.level_id does not exist
2024/05/14 18:19:49 failed to get all users pq: column ut.level_id does not exist
2024/05/14 18:23:13 Error selecting badges with page and limit in postgres pq: got 2 parameters but the statement requires 3
2024/05/14 18:23:13 failed to get all users pq: got 2 parameters but the statement requires 3
2024/05/14 19:30:33 Error selecting badges with page and limit in postgres pq: missing FROM-clause entry for table "ut"
2024/05/14 19:30:33 failed to get all users pq: missing FROM-clause entry for table "ut"
2024/05/14 19:30:51 Error scanning Topic rows: sql: expected 2 destination arguments in Scan, not 3
2024/05/14 19:30:51 Error scanning Topic rows: sql: expected 2 destination arguments in Scan, not 3
2024/05/14 19:30:51 Error scanning Topic rows: sql: expected 2 destination arguments in Scan, not 3
2024/05/14 19:30:51 Error scanning Topic rows: sql: expected 2 destination arguments in Scan, not 3
2024/05/14 19:30:51 Error scanning Topic rows: sql: expected 2 destination arguments in Scan, not 3
2024/05/14 19:30:51 Error scanning Topic rows: sql: expected 2 destination arguments in Scan, not 3
2024/05/14 19:30:51 Error scanning Topic rows: sql: expected 2 destination arguments in Scan, not 3
2024/05/14 19:30:51 Error scanning Topic rows: sql: expected 2 destination arguments in Scan, not 3
2024/05/14 19:31:17 Error selecting badges with page and limit in postgres pq: table name "t" specified more than once
2024/05/14 19:31:17 failed to get all users pq: table name "t" specified more than once
2024/05/14 19:33:08 Error selecting badges with page and limit in postgres pq: missing FROM-clause entry for table "t"
2024/05/14 19:33:08 failed to get all users pq: missing FROM-clause entry for table "t"
2024/05/14 19:33:20 Error selecting badges with page and limit in postgres pq: missing FROM-clause entry for table "t"
2024/05/14 19:33:20 failed to get all users pq: missing FROM-clause entry for table "t"
2024/05/14 19:33:42 Error selecting badges with page and limit in postgres pq: missing FROM-clause entry for table "t"
2024/05/14 19:33:42 failed to get all users pq: missing FROM-clause entry for table "t"
2024/05/14 19:41:06 Error selecting badges with page and limit in postgres pq: syntax error at or near "FROM"
2024/05/14 19:41:06 failed to get all users pq: syntax error at or near "FROM"
2024/05/14 19:41:21 Error selecting badges with page and limit in postgres pq: operator does not exist: integer = uuid
2024/05/14 19:41:21 failed to get all users pq: operator does not exist: integer = uuid
2024/05/14 20:03:40 Error scanning Topic rows: sql: Scan error on column index 2, name "score": destination not a pointer
2024/05/14 20:03:40 Error scanning Topic rows: sql: Scan error on column index 2, name "score": destination not a pointer
2024/05/14 20:03:40 Error scanning Topic rows: sql: Scan error on column index 2, name "score": destination not a pointer
2024/05/14 20:03:40 Error scanning Topic rows: sql: Scan error on column index 2, name "score": destination not a pointer
2024/05/14 20:03:40 Error scanning Topic rows: sql: Scan error on column index 2, name "score": destination not a pointer
2024/05/14 20:03:40 Error scanning Topic rows: sql: Scan error on column index 2, name "score": destination not a pointer
2024/05/14 20:03:40 Error scanning Topic rows: sql: Scan error on column index 2, name "score": destination not a pointer
2024/05/14 20:03:40 Error scanning Topic rows: sql: Scan error on column index 2, name "score": destination not a pointer
2024/05/14 20:03:40 Error scanning Topic rows: sql: Scan error on column index 2, name "score": destination not a pointer
2024/05/14 20:03:40 Error scanning Topic rows: sql: Scan error on column index 2, name "score": destination not a pointer
2024/05/14 20:03:40 Error scanning Topic rows: sql: Scan error on column index 2, name "score": destination not a pointer
2024/05/14 20:03:40 Error scanning Topic rows: sql: Scan error on column index 2, name "score": destination not a pointer
2024/05/14 20:03:40 Error scanning Topic rows: sql: Scan error on column index 2, name "score": destination not a pointer
2024/05/14 20:03:40 Error scanning Topic rows: sql: Scan error on column index 2, name "score": destination not a pointer
2024/05/14 20:03:40 Error scanning Topic rows: sql: Scan error on column index 2, name "score": destination not a pointer
2024/05/14 20:03:40 Error scanning Topic rows: sql: Scan error on column index 2, name "score": destination not a pointer
2024/05/14 20:03:40 Error scanning Topic rows: sql: Scan error on column index 2, name "score": destination not a pointer
2024/05/14 20:03:40 Error scanning Topic rows: sql: Scan error on column index 2, name "score": destination not a pointer
2024/05/14 20:03:40 Error scanning Topic rows: sql: Scan error on column index 2, name "score": destination not a pointer
2024/05/14 20:03:40 Error scanning Topic rows: sql: Scan error on column index 2, name "score": destination not a pointer
2024/05/14 20:03:40 Error scanning Topic rows: sql: Scan error on column index 2, name "score": destination not a pointer
2024/05/14 20:03:40 Error scanning Topic rows: sql: Scan error on column index 2, name "score": destination not a pointer
2024/05/14 20:03:40 Error scanning Topic rows: sql: Scan error on column index 2, name "score": destination not a pointer
2024/05/14 20:03:40 Error scanning Topic rows: sql: Scan error on column index 2, name "score": destination not a pointer
2024/05/14 20:03:40 Error scanning Topic rows: sql: Scan error on column index 2, name "score": destination not a pointer
2024/05/14 20:03:40 Error scanning Topic rows: sql: Scan error on column index 2, name "score": destination not a pointer
2024/05/14 20:03:40 Error scanning Topic rows: sql: Scan error on column index 2, name "score": destination not a pointer
2024/05/14 20:03:40 Error scanning Topic rows: sql: Scan error on column index 2, name "score": destination not a pointer
2024/05/14 20:03:40 Error scanning Topic rows: sql: Scan error on column index 2, name "score": destination not a pointer
2024/05/14 20:03:40 Error scanning Topic rows: sql: Scan error on column index 2, name "score": destination not a pointer
2024/05/14 20:03:40 Error scanning Topic rows: sql: Scan error on column index 2, name "score": destination not a pointer
2024/05/14 20:03:40 Error scanning Topic rows: sql: Scan error on column index 2, name "score": destination not a pointer
2024/05/14 20:03:40 Error scanning Topic rows: sql: Scan error on column index 2, name "score": destination not a pointer
2024/05/14 20:03:40 Error scanning Topic rows: sql: Scan error on column index 2, name "score": destination not a pointer
2024/05/14 20:03:40 Error scanning Topic rows: sql: Scan error on column index 2, name "score": destination not a pointer
2024/05/14 20:03:40 Error scanning Topic rows: sql: Scan error on column index 2, name "score": destination not a pointer
2024/05/14 20:03:40 Error scanning Topic rows: sql: Scan error on column index 2, name "score": destination not a pointer
2024/05/14 20:03:40 Error scanning Topic rows: sql: Scan error on column index 2, name "score": destination not a pointer
2024/05/14 20:03:40 Error scanning Topic rows: sql: Scan error on column index 2, name "score": destination not a pointer
2024/05/14 20:03:40 Error scanning Topic rows: sql: Scan error on column index 2, name "score": destination not a pointer
2024/05/14 20:03:40 Error scanning Topic rows: sql: Scan error on column index 2, name "score": destination not a pointer
2024/05/14 20:03:40 Error scanning Topic rows: sql: Scan error on column index 2, name "score": destination not a pointer
2024/05/14 20:03:40 Error scanning Topic rows: sql: Scan error on column index 2, name "score": destination not a pointer
2024/05/14 20:03:40 Error scanning Topic rows: sql: Scan error on column index 2, name "score": destination not a pointer
2024/05/14 20:03:40 Error scanning Topic rows: sql: Scan error on column index 2, name "score": destination not a pointer
2024/05/14 20:03:40 Error scanning Topic rows: sql: Scan error on column index 2, name "score": destination not a pointer
2024/05/14 20:03:40 Error scanning Topic rows: sql: Scan error on column index 2, name "score": destination not a pointer
2024/05/14 20:03:40 Error scanning Topic rows: sql: Scan error on column index 2, name "score": destination not a pointer
2024/05/14 20:03:40 Error scanning Topic rows: sql: Scan error on column index 2, name "score": destination not a pointer
2024/05/14 20:03:40 Error scanning Topic rows: sql: Scan error on column index 2, name "score": destination not a pointer
2024/05/14 20:03:40 Error scanning Topic rows: sql: Scan error on column index 2, name "score": destination not a pointer
2024/05/14 20:03:58 Error scanning Topic rows: sql: Scan error on column index 2, name "score": destination not a pointer
2024/05/14 20:03:58 Error scanning Topic rows: sql: Scan error on column index 2, name "score": destination not a pointer
2024/05/14 20:03:58 Error scanning Topic rows: sql: Scan error on column index 2, name "score": destination not a pointer
2024/05/14 20:03:58 Error scanning Topic rows: sql: Scan error on column index 2, name "score": destination not a pointer
2024/05/14 20:03:58 Error scanning Topic rows: sql: Scan error on column index 2, name "score": destination not a pointer
2024/05/14 20:03:58 Error scanning Topic rows: sql: Scan error on column index 2, name "score": destination not a pointer
2024/05/14 20:03:58 Error scanning Topic rows: sql: Scan error on column index 2, name "score": destination not a pointer
2024/05/14 20:03:58 Error scanning Topic rows: sql: Scan error on column index 2, name "score": destination not a pointer
2024/05/14 20:03:58 Error scanning Topic rows: sql: Scan error on column index 2, name "score": destination not a pointer
2024/05/14 20:03:58 Error scanning Topic rows: sql: Scan error on column index 2, name "score": destination not a pointer
2024/05/14 20:03:58 Error scanning Topic rows: sql: Scan error on column index 2, name "score": destination not a pointer
2024/05/14 20:03:58 Error scanning Topic rows: sql: Scan error on column index 2, name "score": destination not a pointer
2024/05/14 20:03:58 Error scanning Topic rows: sql: Scan error on column index 2, name "score": destination not a pointer
2024/05/14 20:03:58 Error scanning Topic rows: sql: Scan error on column index 2, name "score": destination not a pointer
2024/05/14 20:03:58 Error scanning Topic rows: sql: Scan error on column index 2, name "score": destination not a pointer
2024/05/14 20:03:58 Error scanning Topic rows: sql: Scan error on column index 2, name "score": destination not a pointer
2024/05/14 20:03:58 Error scanning Topic rows: sql: Scan error on column index 2, name "score": destination not a pointer
2024/05/14 20:03:58 Error scanning Topic rows: sql: Scan error on column index 2, name "score": destination not a pointer
2024/05/14 20:03:58 Error scanning Topic rows: sql: Scan error on column index 2, name "score": destination not a pointer
2024/05/14 20:03:58 Error scanning Topic rows: sql: Scan error on column index 2, name "score": destination not a pointer
2024/05/14 20:03:58 Error scanning Topic rows: sql: Scan error on column index 2, name "score": destination not a pointer
2024/05/14 20:03:58 Error scanning Topic rows: sql: Scan error on column index 2, name "score": destination not a pointer
2024/05/14 20:03:58 Error scanning Topic rows: sql: Scan error on column index 2, name "score": destination not a pointer
2024/05/14 20:03:58 Error scanning Topic rows: sql: Scan error on column index 2, name "score": destination not a pointer
2024/05/14 20:03:58 Error scanning Topic rows: sql: Scan error on column index 2, name "score": destination not a pointer
2024/05/14 20:03:58 Error scanning Topic rows: sql: Scan error on column index 2, name "score": destination not a pointer
2024/05/14 20:03:58 Error scanning Topic rows: sql: Scan error on column index 2, name "score": destination not a pointer
2024/05/14 20:03:58 Error scanning Topic rows: sql: Scan error on column index 2, name "score": destination not a pointer
2024/05/14 20:03:58 Error scanning Topic rows: sql: Scan error on column index 2, name "score": destination not a pointer
2024/05/14 20:03:58 Error scanning Topic rows: sql: Scan error on column index 2, name "score": destination not a pointer
2024/05/14 20:03:58 Error scanning Topic rows: sql: Scan error on column index 2, name "score": destination not a pointer
2024/05/14 20:03:58 Error scanning Topic rows: sql: Scan error on column index 2, name "score": destination not a pointer
2024/05/14 20:03:58 Error scanning Topic rows: sql: Scan error on column index 2, name "score": destination not a pointer
2024/05/14 20:03:58 Error scanning Topic rows: sql: Scan error on column index 2, name "score": destination not a pointer
2024/05/14 20:03:58 Error scanning Topic rows: sql: Scan error on column index 2, name "score": destination not a pointer
2024/05/14 20:03:58 Error scanning Topic rows: sql: Scan error on column index 2, name "score": destination not a pointer
2024/05/14 20:03:58 Error scanning Topic rows: sql: Scan error on column index 2, name "score": destination not a pointer
2024/05/14 20:03:58 Error scanning Topic rows: sql: Scan error on column index 2, name "score": destination not a pointer
2024/05/14 20:03:58 Error scanning Topic rows: sql: Scan error on column index 2, name "score": destination not a pointer
2024/05/14 20:03:58 Error scanning Topic rows: sql: Scan error on column index 2, name "score": destination not a pointer
2024/05/14 20:03:58 Error scanning Topic rows: sql: Scan error on column index 2, name "score": destination not a pointer
2024/05/14 20:03:58 Error scanning Topic rows: sql: Scan error on column index 2, name "score": destination not a pointer
2024/05/14 20:03:58 Error scanning Topic rows: sql: Scan error on column index 2, name "score": destination not a pointer
2024/05/14 20:03:58 Error scanning Topic rows: sql: Scan error on column index 2, name "score": destination not a pointer
2024/05/14 20:03:58 Error scanning Topic rows: sql: Scan error on column index 2, name "score": destination not a pointer
2024/05/14 20:03:58 Error scanning Topic rows: sql: Scan error on column index 2, name "score": destination not a pointer
2024/05/14 20:03:58 Error scanning Topic rows: sql: Scan error on column index 2, name "score": destination not a pointer
2024/05/14 20:03:58 Error scanning Topic rows: sql: Scan error on column index 2, name "score": destination not a pointer
2024/05/14 20:03:58 Error scanning Topic rows: sql: Scan error on column index 2, name "score": destination not a pointer
2024/05/14 20:03:58 Error scanning Topic rows: sql: Scan error on column index 2, name "score": destination not a pointer
2024/05/14 20:03:58 Error scanning Topic rows: sql: Scan error on column index 2, name "score": destination not a pointer
2024/05/14 20:04:27 Error scanning Topic rows: sql: Scan error on column index 2, name "score": destination not a pointer
2024/05/14 20:04:27 Error scanning Topic rows: sql: Scan error on column index 2, name "score": destination not a pointer
2024/05/14 20:04:27 Error scanning Topic rows: sql: Scan error on column index 2, name "score": destination not a pointer
2024/05/14 20:04:27 Error scanning Topic rows: sql: Scan error on column index 2, name "score": destination not a pointer
2024/05/14 20:04:27 Error scanning Topic rows: sql: Scan error on column index 2, name "score": destination not a pointer
2024/05/14 20:04:27 Error scanning Topic rows: sql: Scan error on column index 2, name "score": destination not a pointer
2024/05/14 20:04:27 Error scanning Topic rows: sql: Scan error on column index 2, name "score": destination not a pointer
2024/05/14 20:04:27 Error scanning Topic rows: sql: Scan error on column index 2, name "score": destination not a pointer
2024/05/14 20:04:27 Error scanning Topic rows: sql: Scan error on column index 2, name "score": destination not a pointer
2024/05/14 20:04:27 Error scanning Topic rows: sql: Scan error on column index 2, name "score": destination not a pointer
2024/05/14 20:04:27 Error scanning Topic rows: sql: Scan error on column index 2, name "score": destination not a pointer
2024/05/14 20:04:27 Error scanning Topic rows: sql: Scan error on column index 2, name "score": destination not a pointer
2024/05/14 20:04:27 Error scanning Topic rows: sql: Scan error on column index 2, name "score": destination not a pointer
2024/05/14 20:04:27 Error scanning Topic rows: sql: Scan error on column index 2, name "score": destination not a pointer
2024/05/14 20:04:27 Error scanning Topic rows: sql: Scan error on column index 2, name "score": destination not a pointer
2024/05/14 20:04:27 Error scanning Topic rows: sql: Scan error on column index 2, name "score": destination not a pointer
2024/05/14 20:04:27 Error scanning Topic rows: sql: Scan error on column index 2, name "score": destination not a pointer
2024/05/14 20:04:27 Error scanning Topic rows: sql: Scan error on column index 2, name "score": destination not a pointer
2024/05/14 20:04:27 Error scanning Topic rows: sql: Scan error on column index 2, name "score": destination not a pointer
2024/05/14 20:04:27 Error scanning Topic rows: sql: Scan error on column index 2, name "score": destination not a pointer
2024/05/14 20:04:27 Error scanning Topic rows: sql: Scan error on column index 2, name "score": destination not a pointer
2024/05/14 20:04:27 Error scanning Topic rows: sql: Scan error on column index 2, name "score": destination not a pointer
2024/05/14 20:04:27 Error scanning Topic rows: sql: Scan error on column index 2, name "score": destination not a pointer
2024/05/14 20:04:27 Error scanning Topic rows: sql: Scan error on column index 2, name "score": destination not a pointer
2024/05/14 20:04:27 Error scanning Topic rows: sql: Scan error on column index 2, name "score": destination not a pointer
2024/05/14 20:04:27 Error scanning Topic rows: sql: Scan error on column index 2, name "score": destination not a pointer
2024/05/14 20:04:27 Error scanning Topic rows: sql: Scan error on column index 2, name "score": destination not a pointer
2024/05/14 20:04:27 Error scanning Topic rows: sql: Scan error on column index 2, name "score": destination not a pointer
2024/05/14 20:04:27 Error scanning Topic rows: sql: Scan error on column index 2, name "score": destination not a pointer
2024/05/14 20:04:27 Error scanning Topic rows: sql: Scan error on column index 2, name "score": destination not a pointer
2024/05/14 20:04:27 Error scanning Topic rows: sql: Scan error on column index 2, name "score": destination not a pointer
2024/05/14 20:04:27 Error scanning Topic rows: sql: Scan error on column index 2, name "score": destination not a pointer
2024/05/14 20:04:27 Error scanning Topic rows: sql: Scan error on column index 2, name "score": destination not a pointer
2024/05/14 20:04:27 Error scanning Topic rows: sql: Scan error on column index 2, name "score": destination not a pointer
2024/05/14 20:04:27 Error scanning Topic rows: sql: Scan error on column index 2, name "score": destination not a pointer
2024/05/14 20:04:27 Error scanning Topic rows: sql: Scan error on column index 2, name "score": destination not a pointer
2024/05/14 20:04:27 Error scanning Topic rows: sql: Scan error on column index 2, name "score": destination not a pointer
2024/05/14 20:04:27 Error scanning Topic rows: sql: Scan error on column index 2, name "score": destination not a pointer
2024/05/14 20:04:27 Error scanning Topic rows: sql: Scan error on column index 2, name "score": destination not a pointer
2024/05/14 20:04:27 Error scanning Topic rows: sql: Scan error on column index 2, name "score": destination not a pointer
2024/05/14 20:04:27 Error scanning Topic rows: sql: Scan error on column index 2, name "score": destination not a pointer
2024/05/14 20:04:27 Error scanning Topic rows: sql: Scan error on column index 2, name "score": destination not a pointer
2024/05/14 20:04:27 Error scanning Topic rows: sql: Scan error on column index 2, name "score": destination not a pointer
2024/05/14 20:04:27 Error scanning Topic rows: sql: Scan error on column index 2, name "score": destination not a pointer
2024/05/14 20:04:27 Error scanning Topic rows: sql: Scan error on column index 2, name "score": destination not a pointer
2024/05/14 20:04:27 Error scanning Topic rows: sql: Scan error on column index 2, name "score": destination not a pointer
2024/05/14 20:04:27 Error scanning Topic rows: sql: Scan error on column index 2, name "score": destination not a pointer
2024/05/14 20:04:27 Error scanning Topic rows: sql: Scan error on column index 2, name "score": destination not a pointer
2024/05/14 20:04:27 Error scanning Topic rows: sql: Scan error on column index 2, name "score": destination not a pointer
2024/05/14 20:04:27 Error scanning Topic rows: sql: Scan error on column index 2, name "score": destination not a pointer
2024/05/14 20:04:27 Error scanning Topic rows: sql: Scan error on column index 2, name "score": destination not a pointer
2024/05/14 20:05:46 Error scanning Topic rows: sql: Scan error on column index 2, name "score": destination not a pointer
2024/05/14 20:05:46 Error scanning Topic rows: sql: Scan error on column index 2, name "score": destination not a pointer
2024/05/14 20:05:46 Error scanning Topic rows: sql: Scan error on column index 2, name "score": destination not a pointer
2024/05/14 20:05:46 Error scanning Topic rows: sql: Scan error on column index 2, name "score": destination not a pointer
2024/05/14 20:05:46 Error scanning Topic rows: sql: Scan error on column index 2, name "score": destination not a pointer
2024/05/14 20:05:46 Error scanning Topic rows: sql: Scan error on column index 2, name "score": destination not a pointer
2024/05/14 20:05:46 Error scanning Topic rows: sql: Scan error on column index 2, name "score": destination not a pointer
2024/05/14 20:05:46 Error scanning Topic rows: sql: Scan error on column index 2, name "score": destination not a pointer
2024/05/14 20:05:46 Error scanning Topic rows: sql: Scan error on column index 2, name "score": destination not a pointer
2024/05/14 20:05:46 Error scanning Topic rows: sql: Scan error on column index 2, name "score": destination not a pointer
2024/05/14 20:05:46 Error scanning Topic rows: sql: Scan error on column index 2, name "score": destination not a pointer
2024/05/14 20:05:46 Error scanning Topic rows: sql: Scan error on column index 2, name "score": destination not a pointer
2024/05/14 20:05:46 Error scanning Topic rows: sql: Scan error on column index 2, name "score": destination not a pointer
2024/05/14 20:05:46 Error scanning Topic rows: sql: Scan error on column index 2, name "score": destination not a pointer
2024/05/14 20:05:46 Error scanning Topic rows: sql: Scan error on column index 2, name "score": destination not a pointer
2024/05/14 20:05:46 Error scanning Topic rows: sql: Scan error on column index 2, name "score": destination not a pointer
2024/05/14 20:05:46 Error scanning Topic rows: sql: Scan error on column index 2, name "score": destination not a pointer
2024/05/14 20:05:46 Error scanning Topic rows: sql: Scan error on column index 2, name "score": destination not a pointer
2024/05/14 20:05:46 Error scanning Topic rows: sql: Scan error on column index 2, name "score": destination not a pointer
2024/05/14 20:05:46 Error scanning Topic rows: sql: Scan error on column index 2, name "score": destination not a pointer
2024/05/14 20:05:46 Error scanning Topic rows: sql: Scan error on column index 2, name "score": destination not a pointer
2024/05/14 20:05:46 Error scanning Topic rows: sql: Scan error on column index 2, name "score": destination not a pointer
2024/05/14 20:05:46 Error scanning Topic rows: sql: Scan error on column index 2, name "score": destination not a pointer
2024/05/14 20:05:46 Error scanning Topic rows: sql: Scan error on column index 2, name "score": destination not a pointer
2024/05/14 20:05:46 Error scanning Topic rows: sql: Scan error on column index 2, name "score": destination not a pointer
2024/05/14 20:05:46 Error scanning Topic rows: sql: Scan error on column index 2, name "score": destination not a pointer
2024/05/14 20:05:46 Error scanning Topic rows: sql: Scan error on column index 2, name "score": destination not a pointer
2024/05/14 20:05:46 Error scanning Topic rows: sql: Scan error on column index 2, name "score": destination not a pointer
2024/05/14 20:05:46 Error scanning Topic rows: sql: Scan error on column index 2, name "score": destination not a pointer
2024/05/14 20:05:46 Error scanning Topic rows: sql: Scan error on column index 2, name "score": destination not a pointer
2024/05/14 20:05:46 Error scanning Topic rows: sql: Scan error on column index 2, name "score": destination not a pointer
2024/05/14 20:05:46 Error scanning Topic rows: sql: Scan error on column index 2, name "score": destination not a pointer
2024/05/14 20:05:46 Error scanning Topic rows: sql: Scan error on column index 2, name "score": destination not a pointer
2024/05/14 20:05:46 Error scanning Topic rows: sql: Scan error on column index 2, name "score": destination not a pointer
2024/05/14 20:05:46 Error scanning Topic rows: sql: Scan error on column index 2, name "score": destination not a pointer
2024/05/14 20:05:46 Error scanning Topic rows: sql: Scan error on column index 2, name "score": destination not a pointer
2024/05/14 20:05:46 Error scanning Topic rows: sql: Scan error on column index 2, name "score": destination not a pointer
2024/05/14 20:05:46 Error scanning Topic rows: sql: Scan error on column index 2, name "score": destination not a pointer
2024/05/14 20:05:46 Error scanning Topic rows: sql: Scan error on column index 2, name "score": destination not a pointer
2024/05/14 20:05:46 Error scanning Topic rows: sql: Scan error on column index 2, name "score": destination not a pointer
2024/05/14 20:05:46 Error scanning Topic rows: sql: Scan error on column index 2, name "score": destination not a pointer
2024/05/14 20:05:46 Error scanning Topic rows: sql: Scan error on column index 2, name "score": destination not a pointer
2024/05/14 20:05:46 Error scanning Topic rows: sql: Scan error on column index 2, name "score": destination not a pointer
2024/05/14 20:05:46 Error scanning Topic rows: sql: Scan error on column index 2, name "score": destination not a pointer
2024/05/14 20:05:46 Error scanning Topic rows: sql: Scan error on column index 2, name "score": destination not a pointer
2024/05/14 20:05:46 Error scanning Topic rows: sql: Scan error on column index 2, name "score": destination not a pointer
2024/05/14 20:05:46 Error scanning Topic rows: sql: Scan error on column index 2, name "score": destination not a pointer
2024/05/14 20:05:46 Error scanning Topic rows: sql: Scan error on column index 2, name "score": destination not a pointer
2024/05/14 20:05:46 Error scanning Topic rows: sql: Scan error on column index 2, name "score": destination not a pointer
2024/05/14 20:05:46 Error scanning Topic rows: sql: Scan error on column index 2, name "score": destination not a pointer
2024/05/14 20:05:46 Error scanning Topic rows: sql: Scan error on column index 2, name "score": destination not a pointer
2024/05/14 20:06:41 Error scanning Topic rows: sql: Scan error on column index 2, name "score": destination not a pointer
2024/05/14 20:06:41 Error scanning Topic rows: sql: Scan error on column index 2, name "score": destination not a pointer
2024/05/14 20:06:41 Error scanning Topic rows: sql: Scan error on column index 2, name "score": destination not a pointer
2024/05/14 20:06:41 Error scanning Topic rows: sql: Scan error on column index 2, name "score": destination not a pointer
2024/05/14 20:06:41 Error scanning Topic rows: sql: Scan error on column index 2, name "score": destination not a pointer
2024/05/14 20:06:41 Error scanning Topic rows: sql: Scan error on column index 2, name "score": destination not a pointer
2024/05/14 20:06:41 Error scanning Topic rows: sql: Scan error on column index 2, name "score": destination not a pointer
2024/05/14 20:06:41 Error scanning Topic rows: sql: Scan error on column index 2, name "score": destination not a pointer
2024/05/14 20:06:41 Error scanning Topic rows: sql: Scan error on column index 2, name "score": destination not a pointer
2024/05/14 20:06:41 Error scanning Topic rows: sql: Scan error on column index 2, name "score": destination not a pointer
2024/05/14 20:06:41 Error scanning Topic rows: sql: Scan error on column index 2, name "score": destination not a pointer
2024/05/14 20:06:41 Error scanning Topic rows: sql: Scan error on column index 2, name "score": destination not a pointer
2024/05/14 20:06:41 Error scanning Topic rows: sql: Scan error on column index 2, name "score": destination not a pointer
2024/05/14 20:06:41 Error scanning Topic rows: sql: Scan error on column index 2, name "score": destination not a pointer
2024/05/14 20:06:41 Error scanning Topic rows: sql: Scan error on column index 2, name "score": destination not a pointer
2024/05/14 20:06:41 Error scanning Topic rows: sql: Scan error on column index 2, name "score": destination not a pointer
2024/05/14 20:06:41 Error scanning Topic rows: sql: Scan error on column index 2, name "score": destination not a pointer
2024/05/14 20:06:41 Error scanning Topic rows: sql: Scan error on column index 2, name "score": destination not a pointer
2024/05/14 20:06:41 Error scanning Topic rows: sql: Scan error on column index 2, name "score": destination not a pointer
2024/05/14 20:06:41 Error scanning Topic rows: sql: Scan error on column index 2, name "score": destination not a pointer
2024/05/14 20:06:41 Error scanning Topic rows: sql: Scan error on column index 2, name "score": destination not a pointer
2024/05/14 20:06:41 Error scanning Topic rows: sql: Scan error on column index 2, name "score": destination not a pointer
2024/05/14 20:06:41 Error scanning Topic rows: sql: Scan error on column index 2, name "score": destination not a pointer
2024/05/14 20:06:41 Error scanning Topic rows: sql: Scan error on column index 2, name "score": destination not a pointer
2024/05/14 20:06:41 Error scanning Topic rows: sql: Scan error on column index 2, name "score": destination not a pointer
2024/05/14 20:06:41 Error scanning Topic rows: sql: Scan error on column index 2, name "score": destination not a pointer
2024/05/14 20:06:41 Error scanning Topic rows: sql: Scan error on column index 2, name "score": destination not a pointer
2024/05/14 20:06:41 Error scanning Topic rows: sql: Scan error on column index 2, name "score": destination not a pointer
2024/05/14 20:06:41 Error scanning Topic rows: sql: Scan error on column index 2, name "score": destination not a pointer
2024/05/14 20:06:41 Error scanning Topic rows: sql: Scan error on column index 2, name "score": destination not a pointer
2024/05/14 20:06:41 Error scanning Topic rows: sql: Scan error on column index 2, name "score": destination not a pointer
2024/05/14 20:06:41 Error scanning Topic rows: sql: Scan error on column index 2, name "score": destination not a pointer
2024/05/14 20:06:41 Error scanning Topic rows: sql: Scan error on column index 2, name "score": destination not a pointer
2024/05/14 20:06:41 Error scanning Topic rows: sql: Scan error on column index 2, name "score": destination not a pointer
2024/05/14 20:06:41 Error scanning Topic rows: sql: Scan error on column index 2, name "score": destination not a pointer
2024/05/14 20:06:41 Error scanning Topic rows: sql: Scan error on column index 2, name "score": destination not a pointer
2024/05/14 20:06:41 Error scanning Topic rows: sql: Scan error on column index 2, name "score": destination not a pointer
2024/05/14 20:06:41 Error scanning Topic rows: sql: Scan error on column index 2, name "score": destination not a pointer
2024/05/14 20:06:41 Error scanning Topic rows: sql: Scan error on column index 2, name "score": destination not a pointer
2024/05/14 20:06:41 Error scanning Topic rows: sql: Scan error on column index 2, name "score": destination not a pointer
2024/05/14 20:06:41 Error scanning Topic rows: sql: Scan error on column index 2, name "score": destination not a pointer
2024/05/14 20:06:41 Error scanning Topic rows: sql: Scan error on column index 2, name "score": destination not a pointer
2024/05/14 20:06:41 Error scanning Topic rows: sql: Scan error on column index 2, name "score": destination not a pointer
2024/05/14 20:06:41 Error scanning Topic rows: sql: Scan error on column index 2, name "score": destination not a pointer
2024/05/14 20:06:41 Error scanning Topic rows: sql: Scan error on column index 2, name "score": destination not a pointer
2024/05/14 20:06:41 Error scanning Topic rows: sql: Scan error on column index 2, name "score": destination not a pointer
2024/05/14 20:06:41 Error scanning Topic rows: sql: Scan error on column index 2, name "score": destination not a pointer
2024/05/14 20:06:41 Error scanning Topic rows: sql: Scan error on column index 2, name "score": destination not a pointer
2024/05/14 20:06:41 Error scanning Topic rows: sql: Scan error on column index 2, name "score": destination not a pointer
2024/05/14 20:06:41 Error scanning Topic rows: sql: Scan error on column index 2, name "score": destination not a pointer
2024/05/14 20:06:41 Error scanning Topic rows: sql: Scan error on column index 2, name "score": destination not a pointer
2024/05/14 20:06:48 Error scanning Topic rows: sql: Scan error on column index 2, name "score": destination not a pointer
2024/05/14 20:06:48 Error scanning Topic rows: sql: Scan error on column index 2, name "score": destination not a pointer
2024/05/14 20:06:48 Error scanning Topic rows: sql: Scan error on column index 2, name "score": destination not a pointer
2024/05/14 20:06:48 Error scanning Topic rows: sql: Scan error on column index 2, name "score": destination not a pointer
2024/05/14 20:06:48 Error scanning Topic rows: sql: Scan error on column index 2, name "score": destination not a pointer
2024/05/14 20:06:48 Error scanning Topic rows: sql: Scan error on column index 2, name "score": destination not a pointer
2024/05/14 20:06:48 Error scanning Topic rows: sql: Scan error on column index 2, name "score": destination not a pointer
2024/05/14 20:06:48 Error scanning Topic rows: sql: Scan error on column index 2, name "score": destination not a pointer
2024/05/14 20:06:48 Error scanning Topic rows: sql: Scan error on column index 2, name "score": destination not a pointer
2024/05/14 20:06:48 Error scanning Topic rows: sql: Scan error on column index 2, name "score": destination not a pointer
2024/05/14 20:06:48 Error scanning Topic rows: sql: Scan error on column index 2, name "score": destination not a pointer
2024/05/14 20:06:48 Error scanning Topic rows: sql: Scan error on column index 2, name "score": destination not a pointer
2024/05/14 20:06:48 Error scanning Topic rows: sql: Scan error on column index 2, name "score": destination not a pointer
2024/05/14 20:06:48 Error scanning Topic rows: sql: Scan error on column index 2, name "score": destination not a pointer
2024/05/14 20:06:48 Error scanning Topic rows: sql: Scan error on column index 2, name "score": destination not a pointer
2024/05/14 20:06:48 Error scanning Topic rows: sql: Scan error on column index 2, name "score": destination not a pointer
2024/05/14 20:06:48 Error scanning Topic rows: sql: Scan error on column index 2, name "score": destination not a pointer
2024/05/14 20:06:48 Error scanning Topic rows: sql: Scan error on column index 2, name "score": destination not a pointer
2024/05/14 20:06:48 Error scanning Topic rows: sql: Scan error on column index 2, name "score": destination not a pointer
2024/05/14 20:06:48 Error scanning Topic rows: sql: Scan error on column index 2, name "score": destination not a pointer
2024/05/14 20:06:48 Error scanning Topic rows: sql: Scan error on column index 2, name "score": destination not a pointer
2024/05/14 20:06:48 Error scanning Topic rows: sql: Scan error on column index 2, name "score": destination not a pointer
2024/05/14 20:06:48 Error scanning Topic rows: sql: Scan error on column index 2, name "score": destination not a pointer
2024/05/14 20:06:48 Error scanning Topic rows: sql: Scan error on column index 2, name "score": destination not a pointer
2024/05/14 20:06:48 Error scanning Topic rows: sql: Scan error on column index 2, name "score": destination not a pointer
2024/05/14 20:06:48 Error scanning Topic rows: sql: Scan error on column index 2, name "score": destination not a pointer
2024/05/14 20:06:48 Error scanning Topic rows: sql: Scan error on column index 2, name "score": destination not a pointer
2024/05/14 20:06:48 Error scanning Topic rows: sql: Scan error on column index 2, name "score": destination not a pointer
2024/05/14 20:06:48 Error scanning Topic rows: sql: Scan error on column index 2, name "score": destination not a pointer
2024/05/14 20:06:48 Error scanning Topic rows: sql: Scan error on column index 2, name "score": destination not a pointer
2024/05/14 20:06:48 Error scanning Topic rows: sql: Scan error on column index 2, name "score": destination not a pointer
2024/05/14 20:06:48 Error scanning Topic rows: sql: Scan error on column index 2, name "score": destination not a pointer
2024/05/14 20:06:48 Error scanning Topic rows: sql: Scan error on column index 2, name "score": destination not a pointer
2024/05/14 20:06:48 Error scanning Topic rows: sql: Scan error on column index 2, name "score": destination not a pointer
2024/05/14 20:06:48 Error scanning Topic rows: sql: Scan error on column index 2, name "score": destination not a pointer
2024/05/14 20:06:48 Error scanning Topic rows: sql: Scan error on column index 2, name "score": destination not a pointer
2024/05/14 20:06:48 Error scanning Topic rows: sql: Scan error on column index 2, name "score": destination not a pointer
2024/05/14 20:06:48 Error scanning Topic rows: sql: Scan error on column index 2, name "score": destination not a pointer
2024/05/14 20:06:48 Error scanning Topic rows: sql: Scan error on column index 2, name "score": destination not a pointer
2024/05/14 20:06:48 Error scanning Topic rows: sql: Scan error on column index 2, name "score": destination not a pointer
2024/05/14 20:06:48 Error scanning Topic rows: sql: Scan error on column index 2, name "score": destination not a pointer
2024/05/14 20:06:48 Error scanning Topic rows: sql: Scan error on column index 2, name "score": destination not a pointer
2024/05/14 20:06:48 Error scanning Topic rows: sql: Scan error on column index 2, name "score": destination not a pointer
2024/05/14 20:06:48 Error scanning Topic rows: sql: Scan error on column index 2, name "score": destination not a pointer
2024/05/14 20:06:48 Error scanning Topic rows: sql: Scan error on column index 2, name "score": destination not a pointer
2024/05/14 20:06:48 Error scanning Topic rows: sql: Scan error on column index 2, name "score": destination not a pointer
2024/05/14 20:06:48 Error scanning Topic rows: sql: Scan error on column index 2, name "score": destination not a pointer
2024/05/14 20:06:48 Error scanning Topic rows: sql: Scan error on column index 2, name "score": destination not a pointer
2024/05/14 20:06:48 Error scanning Topic rows: sql: Scan error on column index 2, name "score": destination not a pointer
2024/05/14 20:06:48 Error scanning Topic rows: sql: Scan error on column index 2, name "score": destination not a pointer
2024/05/14 20:06:48 Error scanning Topic rows: sql: Scan error on column index 2, name "score": destination not a pointer
2024/05/14 20:07:26 Error scanning Topic rows: sql: Scan error on column index 2, name "score": destination not a pointer
2024/05/14 20:07:26 Error scanning Topic rows: sql: Scan error on column index 2, name "score": destination not a pointer
2024/05/14 20:07:26 Error scanning Topic rows: sql: Scan error on column index 2, name "score": destination not a pointer
2024/05/14 20:07:26 Error scanning Topic rows: sql: Scan error on column index 2, name "score": destination not a pointer
2024/05/14 20:07:26 Error scanning Topic rows: sql: Scan error on column index 2, name "score": destination not a pointer
2024/05/14 20:07:26 Error scanning Topic rows: sql: Scan error on column index 2, name "score": destination not a pointer
2024/05/14 20:07:26 Error scanning Topic rows: sql: Scan error on column index 2, name "score": destination not a pointer
2024/05/14 20:07:26 Error scanning Topic rows: sql: Scan error on column index 2, name "score": destination not a pointer
2024/05/14 20:07:26 Error scanning Topic rows: sql: Scan error on column index 2, name "score": destination not a pointer
2024/05/14 20:07:26 Error scanning Topic rows: sql: Scan error on column index 2, name "score": destination not a pointer
2024/05/14 20:07:26 Error scanning Topic rows: sql: Scan error on column index 2, name "score": destination not a pointer
2024/05/14 20:07:26 Error scanning Topic rows: sql: Scan error on column index 2, name "score": destination not a pointer
2024/05/14 20:07:26 Error scanning Topic rows: sql: Scan error on column index 2, name "score": destination not a pointer
2024/05/14 20:07:26 Error scanning Topic rows: sql: Scan error on column index 2, name "score": destination not a pointer
2024/05/14 20:07:26 Error scanning Topic rows: sql: Scan error on column index 2, name "score": destination not a pointer
2024/05/14 20:07:26 Error scanning Topic rows: sql: Scan error on column index 2, name "score": destination not a pointer
2024/05/14 20:07:26 Error scanning Topic rows: sql: Scan error on column index 2, name "score": destination not a pointer
2024/05/14 20:07:26 Error scanning Topic rows: sql: Scan error on column index 2, name "score": destination not a pointer
2024/05/14 20:07:26 Error scanning Topic rows: sql: Scan error on column index 2, name "score": destination not a pointer
2024/05/14 20:07:26 Error scanning Topic rows: sql: Scan error on column index 2, name "score": destination not a pointer
2024/05/14 20:07:26 Error scanning Topic rows: sql: Scan error on column index 2, name "score": destination not a pointer
2024/05/14 20:07:26 Error scanning Topic rows: sql: Scan error on column index 2, name "score": destination not a pointer
2024/05/14 20:07:26 Error scanning Topic rows: sql: Scan error on column index 2, name "score": destination not a pointer
2024/05/14 20:07:26 Error scanning Topic rows: sql: Scan error on column index 2, name "score": destination not a pointer
2024/05/14 20:07:26 Error scanning Topic rows: sql: Scan error on column index 2, name "score": destination not a pointer
2024/05/14 20:07:26 Error scanning Topic rows: sql: Scan error on column index 2, name "score": destination not a pointer
2024/05/14 20:07:26 Error scanning Topic rows: sql: Scan error on column index 2, name "score": destination not a pointer
2024/05/14 20:07:26 Error scanning Topic rows: sql: Scan error on column index 2, name "score": destination not a pointer
2024/05/14 20:07:26 Error scanning Topic rows: sql: Scan error on column index 2, name "score": destination not a pointer
2024/05/14 20:07:26 Error scanning Topic rows: sql: Scan error on column index 2, name "score": destination not a pointer
2024/05/14 20:07:26 Error scanning Topic rows: sql: Scan error on column index 2, name "score": destination not a pointer
2024/05/14 20:07:26 Error scanning Topic rows: sql: Scan error on column index 2, name "score": destination not a pointer
2024/05/14 20:07:26 Error scanning Topic rows: sql: Scan error on column index 2, name "score": destination not a pointer
2024/05/14 20:07:26 Error scanning Topic rows: sql: Scan error on column index 2, name "score": destination not a pointer
2024/05/14 20:07:26 Error scanning Topic rows: sql: Scan error on column index 2, name "score": destination not a pointer
2024/05/14 20:07:26 Error scanning Topic rows: sql: Scan error on column index 2, name "score": destination not a pointer
2024/05/14 20:07:26 Error scanning Topic rows: sql: Scan error on column index 2, name "score": destination not a pointer
2024/05/14 20:07:26 Error scanning Topic rows: sql: Scan error on column index 2, name "score": destination not a pointer
2024/05/14 20:07:26 Error scanning Topic rows: sql: Scan error on column index 2, name "score": destination not a pointer
2024/05/14 20:07:26 Error scanning Topic rows: sql: Scan error on column index 2, name "score": destination not a pointer
2024/05/14 20:07:26 Error scanning Topic rows: sql: Scan error on column index 2, name "score": destination not a pointer
2024/05/14 20:07:26 Error scanning Topic rows: sql: Scan error on column index 2, name "score": destination not a pointer
2024/05/14 20:07:26 Error scanning Topic rows: sql: Scan error on column index 2, name "score": destination not a pointer
2024/05/14 20:07:26 Error scanning Topic rows: sql: Scan error on column index 2, name "score": destination not a pointer
2024/05/14 20:07:26 Error scanning Topic rows: sql: Scan error on column index 2, name "score": destination not a pointer
2024/05/14 20:07:26 Error scanning Topic rows: sql: Scan error on column index 2, name "score": destination not a pointer
2024/05/14 20:07:26 Error scanning Topic rows: sql: Scan error on column index 2, name "score": destination not a pointer
2024/05/14 20:07:26 Error scanning Topic rows: sql: Scan error on column index 2, name "score": destination not a pointer
2024/05/14 20:07:26 Error scanning Topic rows: sql: Scan error on column index 2, name "score": destination not a pointer
2024/05/14 20:07:26 Error scanning Topic rows: sql: Scan error on column index 2, name "score": destination not a pointer
2024/05/14 20:07:26 Error scanning Topic rows: sql: Scan error on column index 2, name "score": destination not a pointer
